{"C:\\Users\\laptop\\Documents\\my-collection-od\\app-shopify\\app\\lib\\hmac.server.ts": {"path":"C:\\Users\\laptop\\Documents\\my-collection-od\\app-shopify\\app\\lib\\hmac.server.ts","statementMap":{"0":{"start":{"line":21,"column":51},"end":{"line":27,"column":null}},"1":{"start":{"line":31,"column":17},"end":{"line":31,"column":null}},"2":{"start":{"line":32,"column":2},"end":{"line":37,"column":null}},"3":{"start":{"line":33,"column":4},"end":{"line":36,"column":null}},"4":{"start":{"line":38,"column":2},"end":{"line":38,"column":null}},"5":{"start":{"line":54,"column":17},"end":{"line":54,"column":null}},"6":{"start":{"line":56,"column":2},"end":{"line":63,"column":null}},"7":{"start":{"line":57,"column":4},"end":{"line":62,"column":null}},"8":{"start":{"line":58,"column":6},"end":{"line":61,"column":null}},"9":{"start":{"line":65,"column":28},"end":{"line":65,"column":null}},"10":{"start":{"line":67,"column":2},"end":{"line":69,"column":null}},"11":{"start":{"line":68,"column":4},"end":{"line":68,"column":null}},"12":{"start":{"line":73,"column":26},"end":{"line":73,"column":null}},"13":{"start":{"line":74,"column":2},"end":{"line":80,"column":null}},"14":{"start":{"line":75,"column":4},"end":{"line":79,"column":null}},"15":{"start":{"line":76,"column":21},"end":{"line":76,"column":null}},"16":{"start":{"line":77,"column":6},"end":{"line":77,"column":null}},"17":{"start":{"line":78,"column":6},"end":{"line":78,"column":null}},"18":{"start":{"line":82,"column":18},"end":{"line":85,"column":null}},"19":{"start":{"line":83,"column":28},"end":{"line":83,"column":56}},"20":{"start":{"line":87,"column":19},"end":{"line":87,"column":null}},"21":{"start":{"line":90,"column":25},"end":{"line":90,"column":null}},"22":{"start":{"line":91,"column":25},"end":{"line":91,"column":null}},"23":{"start":{"line":93,"column":2},"end":{"line":98,"column":null}},"24":{"start":{"line":97,"column":4},"end":{"line":97,"column":null}},"25":{"start":{"line":100,"column":20},"end":{"line":100,"column":null}},"26":{"start":{"line":101,"column":27},"end":{"line":101,"column":null}},"27":{"start":{"line":102,"column":2},"end":{"line":107,"column":null}},"28":{"start":{"line":106,"column":4},"end":{"line":106,"column":null}},"29":{"start":{"line":126,"column":17},"end":{"line":126,"column":null}},"30":{"start":{"line":128,"column":2},"end":{"line":130,"column":null}},"31":{"start":{"line":129,"column":4},"end":{"line":129,"column":null}},"32":{"start":{"line":132,"column":19},"end":{"line":132,"column":null}},"33":{"start":{"line":135,"column":25},"end":{"line":135,"column":null}},"34":{"start":{"line":136,"column":25},"end":{"line":136,"column":null}},"35":{"start":{"line":138,"column":2},"end":{"line":143,"column":null}},"36":{"start":{"line":142,"column":4},"end":{"line":142,"column":null}}},"fnMap":{"0":{"name":"getAppSecret","decl":{"start":{"line":29,"column":9},"end":{"line":29,"column":32}},"loc":{"start":{"line":29,"column":32},"end":{"line":39,"column":null}},"line":29},"1":{"name":"verifyAppProxyHmac","decl":{"start":{"line":53,"column":16},"end":{"line":53,"column":35}},"loc":{"start":{"line":53,"column":71},"end":{"line":108,"column":null}},"line":53},"2":{"name":"(anonymous_2)","decl":{"start":{"line":83,"column":5},"end":{"line":83,"column":10}},"loc":{"start":{"line":83,"column":28},"end":{"line":83,"column":56}},"line":83},"3":{"name":"verifyWebhookHmac","decl":{"start":{"line":125,"column":16},"end":{"line":125,"column":34}},"loc":{"start":{"line":125,"column":84},"end":{"line":144,"column":null}},"line":125}},"branchMap":{"0":{"loc":{"start":{"line":32,"column":2},"end":{"line":37,"column":null}},"type":"if","locations":[{"start":{"line":32,"column":2},"end":{"line":37,"column":null}},{"start":{},"end":{}}],"line":32},"1":{"loc":{"start":{"line":57,"column":4},"end":{"line":62,"column":null}},"type":"if","locations":[{"start":{"line":57,"column":4},"end":{"line":62,"column":null}},{"start":{},"end":{}}],"line":57},"2":{"loc":{"start":{"line":67,"column":2},"end":{"line":69,"column":null}},"type":"if","locations":[{"start":{"line":67,"column":2},"end":{"line":69,"column":null}},{"start":{},"end":{}}],"line":67},"3":{"loc":{"start":{"line":67,"column":6},"end":{"line":67,"column":74}},"type":"binary-expr","locations":[{"start":{"line":67,"column":6},"end":{"line":67,"column":28}},{"start":{"line":67,"column":28},"end":{"line":67,"column":74}}],"line":67},"4":{"loc":{"start":{"line":75,"column":4},"end":{"line":79,"column":null}},"type":"if","locations":[{"start":{"line":75,"column":4},"end":{"line":79,"column":null}},{"start":{},"end":{}}],"line":75},"5":{"loc":{"start":{"line":76,"column":21},"end":{"line":76,"column":null}},"type":"binary-expr","locations":[{"start":{"line":76,"column":21},"end":{"line":76,"column":49}},{"start":{"line":76,"column":49},"end":{"line":76,"column":null}}],"line":76},"6":{"loc":{"start":{"line":93,"column":2},"end":{"line":98,"column":null}},"type":"if","locations":[{"start":{"line":93,"column":2},"end":{"line":98,"column":null}},{"start":{},"end":{}}],"line":93},"7":{"loc":{"start":{"line":94,"column":4},"end":{"line":95,"column":null}},"type":"binary-expr","locations":[{"start":{"line":94,"column":4},"end":{"line":94,"column":null}},{"start":{"line":95,"column":4},"end":{"line":95,"column":null}}],"line":94},"8":{"loc":{"start":{"line":102,"column":2},"end":{"line":107,"column":null}},"type":"if","locations":[{"start":{"line":102,"column":2},"end":{"line":107,"column":null}},{"start":{},"end":{}}],"line":102},"9":{"loc":{"start":{"line":103,"column":4},"end":{"line":104,"column":null}},"type":"binary-expr","locations":[{"start":{"line":103,"column":4},"end":{"line":103,"column":null}},{"start":{"line":104,"column":4},"end":{"line":104,"column":null}}],"line":103},"10":{"loc":{"start":{"line":128,"column":2},"end":{"line":130,"column":null}},"type":"if","locations":[{"start":{"line":128,"column":2},"end":{"line":130,"column":null}},{"start":{},"end":{}}],"line":128},"11":{"loc":{"start":{"line":138,"column":2},"end":{"line":143,"column":null}},"type":"if","locations":[{"start":{"line":138,"column":2},"end":{"line":143,"column":null}},{"start":{},"end":{}}],"line":138},"12":{"loc":{"start":{"line":139,"column":4},"end":{"line":140,"column":null}},"type":"binary-expr","locations":[{"start":{"line":139,"column":4},"end":{"line":139,"column":null}},{"start":{"line":140,"column":4},"end":{"line":140,"column":null}}],"line":139}},"s":{"0":1,"1":19,"2":19,"3":1,"4":18,"5":13,"6":13,"7":55,"8":2,"9":10,"10":10,"11":1,"12":9,"13":9,"14":47,"15":38,"16":38,"17":38,"18":9,"19":37,"20":9,"21":9,"22":9,"23":9,"24":3,"25":6,"26":6,"27":6,"28":2,"29":6,"30":6,"31":1,"32":5,"33":5,"34":5,"35":5,"36":4},"f":{"0":19,"1":13,"2":37,"3":6},"b":{"0":[1,18],"1":[2,53],"2":[1,9],"3":[10,10],"4":[38,9],"5":[38,37],"6":[3,6],"7":[9,9],"8":[2,4],"9":[6,6],"10":[1,5],"11":[4,1],"12":[5,4]},"meta":{"lastBranch":13,"lastFunction":4,"lastStatement":37,"seen":{"s:21:51:27:Infinity":0,"f:29:9:29:32":0,"s:31:17:31:Infinity":1,"b:32:2:37:Infinity:undefined:undefined:undefined:undefined":0,"s:32:2:37:Infinity":2,"s:33:4:36:Infinity":3,"s:38:2:38:Infinity":4,"f:53:16:53:35":1,"s:54:17:54:Infinity":5,"s:56:2:63:Infinity":6,"b:57:4:62:Infinity:undefined:undefined:undefined:undefined":1,"s:57:4:62:Infinity":7,"s:58:6:61:Infinity":8,"s:65:28:65:Infinity":9,"b:67:2:69:Infinity:undefined:undefined:undefined:undefined":2,"s:67:2:69:Infinity":10,"b:67:6:67:28:67:28:67:74":3,"s:68:4:68:Infinity":11,"s:73:26:73:Infinity":12,"s:74:2:80:Infinity":13,"b:75:4:79:Infinity:undefined:undefined:undefined:undefined":4,"s:75:4:79:Infinity":14,"s:76:21:76:Infinity":15,"b:76:21:76:49:76:49:76:Infinity":5,"s:77:6:77:Infinity":16,"s:78:6:78:Infinity":17,"s:82:18:85:Infinity":18,"f:83:5:83:10":2,"s:83:28:83:56":19,"s:87:19:87:Infinity":20,"s:90:25:90:Infinity":21,"s:91:25:91:Infinity":22,"b:93:2:98:Infinity:undefined:undefined:undefined:undefined":6,"s:93:2:98:Infinity":23,"b:94:4:94:Infinity:95:4:95:Infinity":7,"s:97:4:97:Infinity":24,"s:100:20:100:Infinity":25,"s:101:27:101:Infinity":26,"b:102:2:107:Infinity:undefined:undefined:undefined:undefined":8,"s:102:2:107:Infinity":27,"b:103:4:103:Infinity:104:4:104:Infinity":9,"s:106:4:106:Infinity":28,"f:125:16:125:34":3,"s:126:17:126:Infinity":29,"b:128:2:130:Infinity:undefined:undefined:undefined:undefined":10,"s:128:2:130:Infinity":30,"s:129:4:129:Infinity":31,"s:132:19:132:Infinity":32,"s:135:25:135:Infinity":33,"s:136:25:136:Infinity":34,"b:138:2:143:Infinity:undefined:undefined:undefined:undefined":11,"s:138:2:143:Infinity":35,"b:139:4:139:Infinity:140:4:140:Infinity":12,"s:142:4:142:Infinity":36},"fnNames":{}}}
}
