{"numTotalTestSuites":14,"numPassedTestSuites":14,"numFailedTestSuites":0,"numPendingTestSuites":0,"numTotalTests":44,"numPassedTests":44,"numFailedTests":0,"numPendingTests":0,"numTodoTests":0,"snapshot":{"added":0,"failure":false,"filesAdded":0,"filesRemoved":0,"filesRemovedList":[],"filesUnmatched":0,"filesUpdated":0,"matched":0,"total":0,"unchecked":0,"uncheckedKeysByFile":[],"unmatched":0,"updated":0,"didUpdate":false},"startTime":1788528067686,"success":true,"testResults":[{"assertionResults":[{"ancestorTitles":["triggerBatchSync"],"fullName":"triggerBatchSync returns 'queued' and updates state if job slot cannot be acquired","status":"passed","title":"returns 'queued' and updates state if job slot cannot be acquired","duration":3.6108999999999583,"failureMessages":[],"meta":{},"tags":[],"benchmarks":[]},{"ancestorTitles":["triggerBatchSync"],"fullName":"triggerBatchSync returns 'syncing' and updates state if job slot is acquired","status":"passed","title":"returns 'syncing' and updates state if job slot is acquired","duration":3.4524999999999864,"failureMessages":[],"meta":{},"tags":[],"benchmarks":[]}],"startTime":1788528068054,"endTime":1788528068061.4524,"status":"passed","message":"","name":"C:/Users/laptop/Documents/my-collection-od/app-shopify/tests/unit/batch-sync.test.ts"},{"assertionResults":[{"ancestorTitles":["claimOrderSync"],"fullName":"claimOrderSync returns true when metaobjectCreate succeeds (first-time claim)","status":"passed","title":"returns true when metaobjectCreate succeeds (first-time claim)","duration":3.670400000000029,"failureMessages":[],"meta":{},"tags":[],"benchmarks":[]},{"ancestorTitles":["claimOrderSync"],"fullName":"claimOrderSync returns false when userErrors contains 'taken' (duplicate claim)","status":"passed","title":"returns false when userErrors contains 'taken' (duplicate claim)","duration":0.5308999999999742,"failureMessages":[],"meta":{},"tags":[],"benchmarks":[]},{"ancestorTitles":["claimOrderSync"],"fullName":"claimOrderSync returns false when userErrors contains 'already' (alternative duplicate message)","status":"passed","title":"returns false when userErrors contains 'already' (alternative duplicate message)","duration":0.33909999999997353,"failureMessages":[],"meta":{},"tags":[],"benchmarks":[]},{"ancestorTitles":["claimOrderSync"],"fullName":"claimOrderSync returns false (not throw) on unexpected userErrors — does not crash the webhook","status":"passed","title":"returns false (not throw) on unexpected userErrors — does not crash the webhook","duration":0.3856999999999857,"failureMessages":[],"meta":{},"tags":[],"benchmarks":[]},{"ancestorTitles":["claimOrderSync"],"fullName":"claimOrderSync uses the correct normalized handle format dedup-{customerId}-{orderId}","status":"passed","title":"uses the correct normalized handle format dedup-{customerId}-{orderId}","duration":0.5062000000000353,"failureMessages":[],"meta":{},"tags":[],"benchmarks":[]},{"ancestorTitles":["claimOrderSync"],"fullName":"claimOrderSync uses the correct type for the dedup lock metaobject","status":"passed","title":"uses the correct type for the dedup lock metaobject","duration":0.28099999999994907,"failureMessages":[],"meta":{},"tags":[],"benchmarks":[]},{"ancestorTitles":["claimOrderSync"],"fullName":"claimOrderSync simulates two concurrent claims — second must return false","status":"passed","title":"simulates two concurrent claims — second must return false","duration":0.4989999999999668,"failureMessages":[],"meta":{},"tags":[],"benchmarks":[]}],"startTime":1788528068064,"endTime":1788528068069.506,"status":"passed","message":"","name":"C:/Users/laptop/Documents/my-collection-od/app-shopify/tests/unit/dedup.test.ts"},{"assertionResults":[{"ancestorTitles":["verifyAppProxyHmac"],"fullName":"verifyAppProxyHmac passes verification when HMAC is correct","status":"passed","title":"passes verification when HMAC is correct","duration":4.676600000000008,"failureMessages":[],"meta":{},"tags":[],"benchmarks":[]},{"ancestorTitles":["verifyAppProxyHmac"],"fullName":"verifyAppProxyHmac throws HMAC_INVALID when signature is missing","status":"passed","title":"throws HMAC_INVALID when signature is missing","duration":1.4735999999999763,"failureMessages":[],"meta":{},"tags":[],"benchmarks":[]},{"ancestorTitles":["verifyAppProxyHmac"],"fullName":"verifyAppProxyHmac throws HMAC_INVALID when signature is tampered","status":"passed","title":"throws HMAC_INVALID when signature is tampered","duration":0.5795999999999708,"failureMessages":[],"meta":{},"tags":[],"benchmarks":[]},{"ancestorTitles":["verifyAppProxyHmac"],"fullName":"verifyAppProxyHmac throws HMAC_INVALID when a query param value is modified after signing","status":"passed","title":"throws HMAC_INVALID when a query param value is modified after signing","duration":0.5818999999999619,"failureMessages":[],"meta":{},"tags":[],"benchmarks":[]},{"ancestorTitles":["verifyAppProxyHmac"],"fullName":"verifyAppProxyHmac is not sensitive to param ordering — sorts params before comparing","status":"passed","title":"is not sensitive to param ordering — sorts params before comparing","duration":0.7154000000000451,"failureMessages":[],"meta":{},"tags":[],"benchmarks":[]},{"ancestorTitles":["verifyAppProxyHmac"],"fullName":"verifyAppProxyHmac throws HMAC_INVALID when signed with a wrong secret","status":"passed","title":"throws HMAC_INVALID when signed with a wrong secret","duration":0.3976000000000113,"failureMessages":[],"meta":{},"tags":[],"benchmarks":[]},{"ancestorTitles":["verifyWebhookHmac"],"fullName":"verifyWebhookHmac passes verification when HMAC header is correct","status":"passed","title":"passes verification when HMAC header is correct","duration":0.4634999999999536,"failureMessages":[],"meta":{},"tags":[],"benchmarks":[]},{"ancestorTitles":["verifyWebhookHmac"],"fullName":"verifyWebhookHmac throws HMAC_INVALID when header is null","status":"passed","title":"throws HMAC_INVALID when header is null","duration":0.2681999999999789,"failureMessages":[],"meta":{},"tags":[],"benchmarks":[]},{"ancestorTitles":["verifyWebhookHmac"],"fullName":"verifyWebhookHmac throws HMAC_INVALID when header is tampered","status":"passed","title":"throws HMAC_INVALID when header is tampered","duration":0.41969999999997754,"failureMessages":[],"meta":{},"tags":[],"benchmarks":[]},{"ancestorTitles":["verifyWebhookHmac"],"fullName":"verifyWebhookHmac throws HMAC_INVALID when body content is modified","status":"passed","title":"throws HMAC_INVALID when body content is modified","duration":0.6037999999999784,"failureMessages":[],"meta":{},"tags":[],"benchmarks":[]},{"ancestorTitles":["verifyWebhookHmac"],"fullName":"verifyWebhookHmac throws HMAC_INVALID when signed with a wrong secret","status":"passed","title":"throws HMAC_INVALID when signed with a wrong secret","duration":0.3633000000000379,"failureMessages":[],"meta":{},"tags":[],"benchmarks":[]},{"ancestorTitles":["verifyWebhookHmac"],"fullName":"verifyWebhookHmac is sensitive to raw byte content — whitespace differences break signature","status":"passed","title":"is sensitive to raw byte content — whitespace differences break signature","duration":0.35569999999995616,"failureMessages":[],"meta":{},"tags":[],"benchmarks":[]}],"startTime":1788528068066,"endTime":1788528068077.3557,"status":"passed","message":"","name":"C:/Users/laptop/Documents/my-collection-od/app-shopify/tests/unit/hmac.test.ts"},{"assertionResults":[{"ancestorTitles":["idempotency cache"],"fullName":"idempotency cache returns null for a key that has never been set","status":"passed","title":"returns null for a key that has never been set","duration":2.670099999999991,"failureMessages":[],"meta":{},"tags":[],"benchmarks":[]},{"ancestorTitles":["idempotency cache"],"fullName":"idempotency cache returns the stored result for a key that was set","status":"passed","title":"returns the stored result for a key that was set","duration":1.124900000000025,"failureMessages":[],"meta":{},"tags":[],"benchmarks":[]},{"ancestorTitles":["idempotency cache"],"fullName":"idempotency cache double-submit: two calls with the same key return the same cached result","status":"passed","title":"double-submit: two calls with the same key return the same cached result","duration":0.5600999999999772,"failureMessages":[],"meta":{},"tags":[],"benchmarks":[]},{"ancestorTitles":["idempotency cache"],"fullName":"idempotency cache different keys are stored independently","status":"passed","title":"different keys are stored independently","duration":0.5092999999999961,"failureMessages":[],"meta":{},"tags":[],"benchmarks":[]},{"ancestorTitles":["idempotency cache"],"fullName":"idempotency cache returns null for an expired key (past TTL)","status":"passed","title":"returns null for an expired key (past TTL)","duration":2.5690999999999917,"failureMessages":[],"meta":{},"tags":[],"benchmarks":[]},{"ancestorTitles":["idempotency cache"],"fullName":"idempotency cache returns the result before TTL expires","status":"passed","title":"returns the result before TTL expires","duration":0.744199999999978,"failureMessages":[],"meta":{},"tags":[],"benchmarks":[]},{"ancestorTitles":["idempotency cache"],"fullName":"idempotency cache clearIdempotencyCache removes all entries","status":"passed","title":"clearIdempotencyCache removes all entries","duration":0.42760000000004084,"failureMessages":[],"meta":{},"tags":[],"benchmarks":[]}],"startTime":1788528068048,"endTime":1788528068056.7441,"status":"passed","message":"","name":"C:/Users/laptop/Documents/my-collection-od/app-shopify/tests/unit/idempotency.test.ts"},{"assertionResults":[{"ancestorTitles":["filterCoinLineItems"],"fullName":"filterCoinLineItems keeps a coin item that matches collectibleProductIds (primary signal)","status":"passed","title":"keeps a coin item that matches collectibleProductIds (primary signal)","duration":3.1644000000000005,"failureMessages":[],"meta":{},"tags":[],"benchmarks":[]},{"ancestorTitles":["filterCoinLineItems"],"fullName":"filterCoinLineItems keeps a coin item whose product_type matches the numismatic list (fallback)","status":"passed","title":"keeps a coin item whose product_type matches the numismatic list (fallback)","duration":0.3605999999999767,"failureMessages":[],"meta":{},"tags":[],"benchmarks":[]},{"ancestorTitles":["filterCoinLineItems"],"fullName":"filterCoinLineItems excludes an item whose product_type is an accessory type","status":"passed","title":"excludes an item whose product_type is an accessory type","duration":0.2626000000000204,"failureMessages":[],"meta":{},"tags":[],"benchmarks":[]},{"ancestorTitles":["filterCoinLineItems"],"fullName":"filterCoinLineItems excludes an item whose title contains an accessory keyword","status":"passed","title":"excludes an item whose title contains an accessory keyword","duration":0.2418999999999869,"failureMessages":[],"meta":{},"tags":[],"benchmarks":[]},{"ancestorTitles":["filterCoinLineItems"],"fullName":"filterCoinLineItems excludes an item whose vendor contains an accessory keyword","status":"passed","title":"excludes an item whose vendor contains an accessory keyword","duration":0.4128999999999792,"failureMessages":[],"meta":{},"tags":[],"benchmarks":[]},{"ancestorTitles":["filterCoinLineItems"],"fullName":"filterCoinLineItems excludes line items with null product_id (shipping/fee lines)","status":"passed","title":"excludes line items with null product_id (shipping/fee lines)","duration":0.2736000000000445,"failureMessages":[],"meta":{},"tags":[],"benchmarks":[]},{"ancestorTitles":["filterCoinLineItems"],"fullName":"filterCoinLineItems handles a mixed order: keeps coins, excludes accessories","status":"passed","title":"handles a mixed order: keeps coins, excludes accessories","duration":1.7848000000000184,"failureMessages":[],"meta":{},"tags":[],"benchmarks":[]},{"ancestorTitles":["filterCoinLineItems"],"fullName":"filterCoinLineItems returns empty array when all items are accessories","status":"passed","title":"returns empty array when all items are accessories","duration":0.3926999999999907,"failureMessages":[],"meta":{},"tags":[],"benchmarks":[]},{"ancestorTitles":["filterCoinLineItems"],"fullName":"filterCoinLineItems is case-insensitive for product_type matching","status":"passed","title":"is case-insensitive for product_type matching","duration":0.33689999999995734,"failureMessages":[],"meta":{},"tags":[],"benchmarks":[]},{"ancestorTitles":["filterCoinLineItems"],"fullName":"filterCoinLineItems silently drops a coin with unusual product_type when collectibleProductIds is empty","status":"passed","title":"silently drops a coin with unusual product_type when collectibleProductIds is empty","duration":0.45489999999995234,"failureMessages":[],"meta":{},"tags":[],"benchmarks":[]},{"ancestorTitles":["buildCollectibleProductIds"],"fullName":"buildCollectibleProductIds builds a set containing only products with hasCollectibleData=true","status":"passed","title":"builds a set containing only products with hasCollectibleData=true","duration":0.32550000000003365,"failureMessages":[],"meta":{},"tags":[],"benchmarks":[]},{"ancestorTitles":["buildCollectibleProductIds"],"fullName":"buildCollectibleProductIds returns an empty set when all products have no collectible_data metafield","status":"passed","title":"returns an empty set when all products have no collectible_data metafield","duration":0.152499999999975,"failureMessages":[],"meta":{},"tags":[],"benchmarks":[]},{"ancestorTitles":["buildCollectibleProductIds"],"fullName":"buildCollectibleProductIds returns an empty set for empty input","status":"passed","title":"returns an empty set for empty input","duration":0.158299999999997,"failureMessages":[],"meta":{},"tags":[],"benchmarks":[]}],"startTime":1788528068026,"endTime":1788528068035.3254,"status":"passed","message":"","name":"C:/Users/laptop/Documents/my-collection-od/app-shopify/tests/unit/product-filter.test.ts"},{"assertionResults":[{"ancestorTitles":["recalculateAndCacheStats"],"fullName":"recalculateAndCacheStats calculates stats correctly for a single page of items","status":"passed","title":"calculates stats correctly for a single page of items","duration":3.0370000000000346,"failureMessages":[],"meta":{},"tags":[],"benchmarks":[]},{"ancestorTitles":["recalculateAndCacheStats"],"fullName":"recalculateAndCacheStats handles pagination correctly","status":"passed","title":"handles pagination correctly","duration":0.6884999999999764,"failureMessages":[],"meta":{},"tags":[],"benchmarks":[]},{"ancestorTitles":["recalculateAndCacheStats"],"fullName":"recalculateAndCacheStats returns 0 if customer has no items","status":"passed","title":"returns 0 if customer has no items","duration":0.41940000000005284,"failureMessages":[],"meta":{},"tags":[],"benchmarks":[]}],"startTime":1788528068087,"endTime":1788528068091.4194,"status":"passed","message":"","name":"C:/Users/laptop/Documents/my-collection-od/app-shopify/tests/unit/stats.test.ts"}]}